  animation.cpp
  bg.cpp
  bullet.cpp
bullet.cpp(205): warning C4553: '==': 演算子にプログラム上の作用がありません。'=' を意図しましたか?
bullet.cpp(231): warning C4244: '初期化中': 'double' から 'float' への変換です。データが失われる可能性があります。
bullet.cpp(280): warning C4553: '==': 演算子にプログラム上の作用がありません。'=' を意図しましたか?
bullet.cpp(307): warning C4244: '初期化中': 'double' から 'float' への変換です。データが失われる可能性があります。
bullet.cpp(356): warning C4553: '==': 演算子にプログラム上の作用がありません。'=' を意図しましたか?
bullet.cpp(382): warning C4244: '初期化中': 'double' から 'float' への変換です。データが失われる可能性があります。
bullet.cpp(807): warning C4244: '初期化中': 'double' から 'float' への変換です。データが失われる可能性があります。
bullet.cpp(826): warning C4244: '初期化中': 'double' から 'float' への変換です。データが失われる可能性があります。
  camera.cpp
  effect.cpp
effect.cpp(66): warning C4244: '引数': 'int' から 'float' への変換です。データが失われる可能性があります。
  enemy.cpp
enemy.cpp(503): warning C4244: '初期化中': 'float' から 'int' への変換です。データが失われる可能性があります。
enemy.cpp(506): warning C4244: '引数': 'int' から 'float' への変換です。データが失われる可能性があります。
enemy.cpp(565): warning C4244: '初期化中': 'float' から 'int' への変換です。データが失われる可能性があります。
enemy.cpp(568): warning C4244: '引数': 'int' から 'float' への変換です。データが失われる可能性があります。
enemy.cpp(782): warning C4244: '引数': 'int' から 'float' への変換です。データが失われる可能性があります。
  explosion.cpp
explosion.cpp(63): warning C4305: '引数': 'double' から 'float' へ切り詰めます。
explosion.cpp(75): warning C4553: '==': 演算子にプログラム上の作用がありません。'=' を意図しましたか?
  fade.cpp
  game.cpp
game.cpp(255): warning C4244: '引数': 'int' から 'FLOAT' への変換です。データが失われる可能性があります。
game.cpp(261): warning C4244: '引数': 'int' から 'FLOAT' への変換です。データが失われる可能性があります。
  game2.cpp
game2.cpp(330): warning C4244: '=': 'int' から 'float' への変換です。データが失われる可能性があります。
game2.cpp(341): warning C4244: '=': 'int' から 'float' への変換です。データが失われる可能性があります。
game2.cpp(504): warning C4244: '引数': 'double' から 'float' への変換です。データが失われる可能性があります。
game2.cpp(505): warning C4244: '引数': 'double' から 'float' への変換です。データが失われる可能性があります。
game2.cpp(506): warning C4244: '引数': 'double' から 'float' への変換です。データが失われる可能性があります。
game2.cpp(507): warning C4244: '引数': 'double' から 'float' への変換です。データが失われる可能性があります。
game2.cpp(598): warning C4244: '=': 'int' から 'float' への変換です。データが失われる可能性があります。
game2.cpp(619): warning C4244: '=': 'int' から 'float' への変換です。データが失われる可能性があります。
  gamepad.cpp
  input.cpp
  item.cpp
  life.cpp
  light.cpp
  logo.cpp
  main.cpp
  manager.cpp
  menu.cpp
  model.cpp
  コンパイル中...
  number.cpp
  object3D.cpp
  particle.cpp
  pause.cpp
  player.cpp
  player3D.cpp
player3D.cpp(383): warning C4101: 'pMat': ローカル変数は 1 度も使われていません。
  polygon.cpp
  result.cpp
  scene.cpp
  renderer.cpp
  scene2D.cpp
  sceneX.cpp
  score.cpp
  select.cpp
  sound.cpp
  title.cpp
  tutorial.cpp
  コード生成しています。
  473 of 473 functions (100.0%) were compiled, the rest were copied from previous compilation.
    44 functions were new in current compilation
    0 functions had inline decision re-evaluated but remain unchanged
  コード生成が終了しました。
  Win32Project11.vcxproj -> C:\Users\student\Desktop\ゲームパッド修正\Win32Project11.exe
  Win32Project11.vcxproj -> C:\Users\student\Desktop\ゲームパッド修正\Win32Project11.pdb (Full PDB)
