c:\users\student\desktop\10月1日 マスター版\release\vc140.pdb
c:\users\student\desktop\10月1日 マスター版\release\pause.obj
c:\users\student\desktop\10月1日 マスター版\release\particle.obj
c:\users\student\desktop\10月1日 マスター版\release\number.obj
c:\users\student\desktop\10月1日 マスター版\release\menu.obj
c:\users\student\desktop\10月1日 マスター版\release\manager.obj
c:\users\student\desktop\10月1日 マスター版\release\main.obj
c:\users\student\desktop\10月1日 マスター版\release\logo.obj
c:\users\student\desktop\10月1日 マスター版\release\life.obj
c:\users\student\desktop\10月1日 マスター版\release\item.obj
c:\users\student\desktop\10月1日 マスター版\release\input.obj
c:\users\student\desktop\10月1日 マスター版\release\gamepad.obj
c:\users\student\desktop\10月1日 マスター版\release\game2.obj
c:\users\student\desktop\10月1日 マスター版\release\game.obj
c:\users\student\desktop\10月1日 マスター版\release\fade.obj
c:\users\student\desktop\10月1日 マスター版\release\explosion.obj
c:\users\student\desktop\10月1日 マスター版\release\enemy.obj
c:\users\student\desktop\10月1日 マスター版\release\effect.obj
c:\users\student\desktop\10月1日 マスター版\release\bullet.obj
c:\users\student\desktop\10月1日 マスター版\release\bg.obj
c:\users\student\desktop\10月1日 マスター版\release\animation.obj
c:\users\student\desktop\10月1日 マスター版\release\tutorial.obj
c:\users\student\desktop\10月1日 マスター版\release\title.obj
c:\users\student\desktop\10月1日 マスター版\release\sound.obj
c:\users\student\desktop\10月1日 マスター版\release\select.obj
c:\users\student\desktop\10月1日 マスター版\release\score.obj
c:\users\student\desktop\10月1日 マスター版\release\scene2d.obj
c:\users\student\desktop\10月1日 マスター版\release\renderer.obj
c:\users\student\desktop\10月1日 マスター版\release\scene.obj
c:\users\student\desktop\10月1日 マスター版\release\result.obj
c:\users\student\desktop\10月1日 マスター版\release\polygon_fade.obj
c:\users\student\desktop\10月1日 マスター版\release\polygon.obj
c:\users\student\desktop\10月1日 マスター版\release\player.obj
c:\users\student\desktop\10月1日 マスター版 - コピー\release\vc140.pdb
c:\users\student\desktop\10月1日 マスター版 - コピー\release\pause.obj
c:\users\student\desktop\10月1日 マスター版 - コピー\release\particle.obj
c:\users\student\desktop\10月1日 マスター版 - コピー\release\number.obj
c:\users\student\desktop\10月1日 マスター版 - コピー\release\menu.obj
c:\users\student\desktop\10月1日 マスター版 - コピー\release\manager.obj
c:\users\student\desktop\10月1日 マスター版 - コピー\release\main.obj
c:\users\student\desktop\10月1日 マスター版 - コピー\release\logo.obj
c:\users\student\desktop\10月1日 マスター版 - コピー\release\life.obj
c:\users\student\desktop\10月1日 マスター版 - コピー\release\item.obj
c:\users\student\desktop\10月1日 マスター版 - コピー\release\input.obj
c:\users\student\desktop\10月1日 マスター版 - コピー\release\gamepad.obj
c:\users\student\desktop\10月1日 マスター版 - コピー\release\game2.obj
c:\users\student\desktop\10月1日 マスター版 - コピー\release\game.obj
c:\users\student\desktop\10月1日 マスター版 - コピー\release\fade.obj
c:\users\student\desktop\10月1日 マスター版 - コピー\release\explosion.obj
c:\users\student\desktop\10月1日 マスター版 - コピー\release\enemy.obj
c:\users\student\desktop\10月1日 マスター版 - コピー\release\effect.obj
c:\users\student\desktop\10月1日 マスター版 - コピー\release\bullet.obj
c:\users\student\desktop\10月1日 マスター版 - コピー\release\bg.obj
c:\users\student\desktop\10月1日 マスター版 - コピー\release\animation.obj
c:\users\student\desktop\10月1日 マスター版 - コピー\release\tutorial.obj
c:\users\student\desktop\10月1日 マスター版 - コピー\release\title.obj
c:\users\student\desktop\10月1日 マスター版 - コピー\release\sound.obj
c:\users\student\desktop\10月1日 マスター版 - コピー\release\select.obj
c:\users\student\desktop\10月1日 マスター版 - コピー\release\score.obj
c:\users\student\desktop\10月1日 マスター版 - コピー\release\scene2d.obj
c:\users\student\desktop\10月1日 マスター版 - コピー\release\renderer.obj
c:\users\student\desktop\10月1日 マスター版 - コピー\release\scene.obj
c:\users\student\desktop\10月1日 マスター版 - コピー\release\result.obj
c:\users\student\desktop\10月1日 マスター版 - コピー\release\polygon_fade.obj
c:\users\student\desktop\10月1日 マスター版 - コピー\release\polygon.obj
c:\users\student\desktop\10月1日 マスター版 - コピー\release\player.obj
c:\users\student\desktop\リスト制作中\release\vc140.pdb
c:\users\student\desktop\リスト制作中\release\pause.obj
c:\users\student\desktop\リスト制作中\release\particle.obj
c:\users\student\desktop\リスト制作中\release\number.obj
c:\users\student\desktop\リスト制作中\release\menu.obj
c:\users\student\desktop\リスト制作中\release\manager.obj
c:\users\student\desktop\リスト制作中\release\main.obj
c:\users\student\desktop\リスト制作中\release\logo.obj
c:\users\student\desktop\リスト制作中\release\life.obj
c:\users\student\desktop\リスト制作中\release\item.obj
c:\users\student\desktop\リスト制作中\release\input.obj
c:\users\student\desktop\リスト制作中\release\gamepad.obj
c:\users\student\desktop\リスト制作中\release\game2.obj
c:\users\student\desktop\リスト制作中\release\game.obj
c:\users\student\desktop\リスト制作中\release\fade.obj
c:\users\student\desktop\リスト制作中\release\explosion.obj
c:\users\student\desktop\リスト制作中\release\enemy.obj
c:\users\student\desktop\リスト制作中\release\effect.obj
c:\users\student\desktop\リスト制作中\release\bullet.obj
c:\users\student\desktop\リスト制作中\release\bg.obj
c:\users\student\desktop\リスト制作中\release\animation.obj
c:\users\student\desktop\リスト制作中\release\tutorial.obj
c:\users\student\desktop\リスト制作中\release\title.obj
c:\users\student\desktop\リスト制作中\release\sound.obj
c:\users\student\desktop\リスト制作中\release\select.obj
c:\users\student\desktop\リスト制作中\release\score.obj
c:\users\student\desktop\リスト制作中\release\scene2d.obj
c:\users\student\desktop\リスト制作中\release\renderer.obj
c:\users\student\desktop\リスト制作中\release\scene.obj
c:\users\student\desktop\リスト制作中\release\result.obj
c:\users\student\desktop\リスト制作中\release\polygon_fade.obj
c:\users\student\desktop\リスト制作中\release\polygon.obj
c:\users\student\desktop\リスト制作中\release\player.obj
c:\users\student\desktop\10月1日 マスター版\win32project11.exe
c:\users\student\desktop\10月1日 マスター版\win32project11.ipdb
c:\users\student\desktop\10月1日 マスター版\win32project11.iobj
c:\users\student\desktop\10月1日 マスター版\win32project11.pdb
c:\users\student\desktop\10月1日 マスター版 - コピー\win32project11.exe
c:\users\student\desktop\10月1日 マスター版 - コピー\win32project11.ipdb
c:\users\student\desktop\10月1日 マスター版 - コピー\win32project11.iobj
c:\users\student\desktop\10月1日 マスター版 - コピー\win32project11.pdb
c:\users\student\desktop\リスト制作中\win32project11.exe
c:\users\student\desktop\リスト制作中\win32project11.ipdb
c:\users\student\desktop\リスト制作中\win32project11.iobj
c:\users\student\desktop\リスト制作中\win32project11.pdb
c:\users\student\desktop\リスト制作中\release\win32project11.ipdb
c:\users\student\desktop\リスト制作中\release\win32project11.iobj
c:\users\student\desktop\リスト制作中\release\win32project11.pdb
c:\users\student\desktop\リスト制作中\release\win32project11.tlog\cl.command.1.tlog
c:\users\student\desktop\リスト制作中\release\win32project11.tlog\cl.read.1.tlog
c:\users\student\desktop\リスト制作中\release\win32project11.tlog\cl.write.1.tlog
c:\users\student\desktop\リスト制作中\release\win32project11.tlog\link.command.1.tlog
c:\users\student\desktop\リスト制作中\release\win32project11.tlog\link.read.1.tlog
c:\users\student\desktop\リスト制作中\release\win32project11.tlog\link.write.1.tlog
