  bg.cpp
  コードを生成中...
  スキップ中... (関連する変更は検出されませんでした)
  tutorial.cpp
  title.cpp
  select.cpp
  score.cpp
  sceneX.cpp
  scene2D.cpp
  scene.cpp
  result.cpp
  renderer.cpp
  polygon.cpp
  player.cpp
  pause.cpp
  particle.cpp
  number.cpp
  menu.cpp
  manager.cpp
  main.cpp
  logo.cpp
  light.cpp
  life.cpp
  item.cpp
  game2.cpp
  game.cpp
  fade.cpp
  explosion.cpp
  enemy.cpp
  effect.cpp
  camera.cpp
  bullet.cpp
  Win32Project11.vcxproj -> C:\Users\student\Desktop\リスト制作 スキップ\Debug\Win32Project11.exe
  Win32Project11.vcxproj -> C:\Users\student\Desktop\リスト制作 スキップ\Debug\Win32Project11.pdb (Full PDB)
