c:\users\student\desktop\リスト制作 スキップ\debug\vc140.pdb
c:\users\student\desktop\リスト制作 スキップ\debug\vc140.idb
c:\users\student\desktop\リスト制作 スキップ\debug\logo.obj
c:\users\student\desktop\リスト制作 スキップ\debug\main.obj
c:\users\student\desktop\リスト制作 スキップ\debug\manager.obj
c:\users\student\desktop\リスト制作 スキップ\debug\menu.obj
c:\users\student\desktop\リスト制作 スキップ\debug\number.obj
c:\users\student\desktop\リスト制作 スキップ\debug\particle.obj
c:\users\student\desktop\リスト制作 スキップ\debug\pause.obj
c:\users\student\desktop\リスト制作 スキップ\debug\player.obj
c:\users\student\desktop\リスト制作 スキップ\debug\polygon.obj
c:\users\student\desktop\リスト制作 スキップ\debug\polygon_fade.obj
c:\users\student\desktop\リスト制作 スキップ\debug\result.obj
c:\users\student\desktop\リスト制作 スキップ\debug\scene.obj
c:\users\student\desktop\リスト制作 スキップ\debug\renderer.obj
c:\users\student\desktop\リスト制作 スキップ\debug\scene2d.obj
c:\users\student\desktop\リスト制作 スキップ\debug\scenex.obj
c:\users\student\desktop\リスト制作 スキップ\debug\score.obj
c:\users\student\desktop\リスト制作 スキップ\debug\select.obj
c:\users\student\desktop\リスト制作 スキップ\debug\sound.obj
c:\users\student\desktop\リスト制作 スキップ\debug\title.obj
c:\users\student\desktop\リスト制作 スキップ\debug\tutorial.obj
c:\users\student\desktop\リスト制作 スキップ\debug\animation.obj
c:\users\student\desktop\リスト制作 スキップ\debug\bg.obj
c:\users\student\desktop\リスト制作 スキップ\debug\bullet.obj
c:\users\student\desktop\リスト制作 スキップ\debug\camera.obj
c:\users\student\desktop\リスト制作 スキップ\debug\effect.obj
c:\users\student\desktop\リスト制作 スキップ\debug\enemy.obj
c:\users\student\desktop\リスト制作 スキップ\debug\explosion.obj
c:\users\student\desktop\リスト制作 スキップ\debug\fade.obj
c:\users\student\desktop\リスト制作 スキップ\debug\game.obj
c:\users\student\desktop\リスト制作 スキップ\debug\game2.obj
c:\users\student\desktop\リスト制作 スキップ\debug\gamepad.obj
c:\users\student\desktop\リスト制作 スキップ\debug\input.obj
c:\users\student\desktop\リスト制作 スキップ\debug\item.obj
c:\users\student\desktop\リスト制作 スキップ\debug\life.obj
c:\users\student\desktop\リスト制作 スキップ\debug\light.obj
c:\users\student\desktop\リスト制作 スキップ\debug\win32project11.ilk
c:\users\student\desktop\リスト制作 スキップ\debug\win32project11.exe
c:\users\student\desktop\リスト制作 スキップ\debug\win32project11.pdb
c:\users\student\desktop\リスト制作 スキップ\debug\win32project11.tlog\cl.command.1.tlog
c:\users\student\desktop\リスト制作 スキップ\debug\win32project11.tlog\cl.read.1.tlog
c:\users\student\desktop\リスト制作 スキップ\debug\win32project11.tlog\cl.write.1.tlog
c:\users\student\desktop\リスト制作 スキップ\debug\win32project11.tlog\link.command.1.tlog
c:\users\student\desktop\リスト制作 スキップ\debug\win32project11.tlog\link.read.1.tlog
c:\users\student\desktop\リスト制作 スキップ\debug\win32project11.tlog\link.write.1.tlog
